29.08.2018 21:44:59
Error (1366) Incorrect integer value: '' for column 'id' at row 1
INSERT INTO ok_variants SET sku='342545675', id='', name='222', price='200.00', compare_price='0', currency_id='1', weight='', stock=NULL, units='', feed='0', product_id='110'
----------------------

29.08.2018 21:45:46
Error (1366) Incorrect integer value: '' for column 'id' at row 1
INSERT INTO ok_variants SET sku='gchjhk', id='', name='111', price='200.00', compare_price='345.00', currency_id='2', weight='0.00', stock=NULL, units='', feed='0', product_id='110'
----------------------

29.08.2018 22:07:20
Error (1366) Incorrect integer value: '' for column 'id' at row 1
INSERT INTO ok_variants SET sku='3245678', id='', name='2334', price='200', compare_price='300.00', currency_id='1', weight='0.00', stock=NULL, units='', feed='0', product_id='110'
----------------------

29.08.2018 22:07:57
Error (1366) Incorrect integer value: '' for column 'id' at row 1
INSERT INTO ok_variants SET sku='', id='', name='', price='0', compare_price='0', currency_id='2', weight='', stock=NULL, units='', feed='0', product_id='110'
----------------------

29.08.2018 22:07:57
Error (1366) Incorrect integer value: '' for column 'id' at row 1
INSERT INTO ok_variants SET sku='yuoiu', id='', name='578989', price='980', compare_price='0', currency_id='1', weight='', stock=NULL, units='', feed='0', product_id='110'
----------------------

31.08.2018 11:11:36
Error (1048) Column 'radio' cannot be null
INSERT INTO ok_products SET id='0', name='Круг для купания новорожденных', visible='1', radio=NULL, featured=NULL, brand_id='0', url='krug-dlya-kupaniya-novorozhdennyh', meta_title='Круг для купания новорожденных', meta_keywords='Круг для купания новорожденных, Детские игрушки', meta_description='Надувной детский круг для плавания на шею - великолепный помощник для безопасного детского плавания и купания маленьких детей в ванной, водоемах и бассейнах. Он поможет вашему ребенку быстрее развиваться, совершенно безопасен и великолепно стимулирует природный плавательный рефлекс малышей. Это намного удобнее, чем пенопластовая шапочка для купания или обычный надувной круг для плавания. Одеваете малышу круг на шею, застегиваете и он начинает самостоятельно плавать, переворачиваясь то на спинку, то на живот', annotation='<p>Надувной детский круг для плавания на шею - великолепный помощник для безопасного детского плавания и купания маленьких детей в ванной, водоемах и бассейнах.&nbsp;</p>', description='<p>Надувной детский круг для плавания на шею - великолепный помощник для безопасного детского плавания и купания маленьких детей в ванной, водоемах и бассейнах. Он поможет вашему ребенку быстрее развиваться, совершенно безопасен и великолепно стимулирует природный плавательный рефлекс малышей. Это намного удобнее, чем пенопластовая шапочка для купания или обычный надувной круг для плавания. Одеваете малышу круг на шею, застегиваете и он начинает самостоятельно плавать, переворачиваясь то на спинку, то на животик. Все получится естественно и очень быстро. Пусть ежедневная процедура доставит удовольствие вам и вашему малышу! Вы спокойно можете поехать с таким кругом на море или пойти в бассейн, в ванной дома плавать с маленьким ребенком. Не бойтесь купания грудных детей. С кругом ребенок будет в безопасности, не будет бояться воды и научится плавать в самом раннем возрасте.&nbsp;</p>', rating='0', votes='0', special=''
----------------------

